<?xml version="1.0" encoding="UTF-8"?>
<!-- Generated by org.testng.reporters.JUnitXMLReporter -->
<testsuite ignored="0" hostname="user-Latitude-3440" failures="1" tests="8" name="Login" time="56.346" errors="0" timestamp="2025-07-23T09:10:01 IST">
  <testcase classname="testCases.TC_ContactUs" name="Tc_contactus" time="1.533"/>
  <testcase classname="testCases.TC_ContactUs" name="Tc_contactus" time="1.189"/>
  <testcase classname="testCases.TC_ContactUs" name="Tc_contactus" time="1.186"/>
  <testcase classname="testCases.TC_ContactUs" name="Tc_contactus" time="1.202"/>
  <testcase classname="testCases.TC_003_LoginDDT" name="test_LoginDDT" time="11.418">
    <failure type="java.lang.AssertionError">
      <![CDATA[java.lang.AssertionError: 
at testCases.TC_003_LoginDDT.test_LoginDDT(TC_003_LoginDDT.java:65)
at java.base/java.util.ArrayList.forEach(ArrayList.java:1596)
... Removed 28 stack frames]]>
    </failure>
  </testcase> <!-- test_LoginDDT -->
  <testcase classname="testCases.TC_003_LoginDDT" name="test_LoginDDT" time="11.548"/>
  <testcase classname="testCases.TC_003_LoginDDT" name="test_LoginDDT" time="11.736"/>
  <testcase classname="testCases.TC_003_LoginDDT" name="test_LoginDDT" time="11.557"/>
</testsuite> <!-- Login -->
