<?xml version="1.0" encoding="UTF-8"?>
<!-- Generated by org.testng.reporters.JUnitXMLReporter -->
<testsuite ignored="0" hostname="user-Latitude-3440" failures="1" tests="8" name="Login" time="57.57" errors="0" timestamp="2025-07-23T13:16:02 IST">
  <testcase classname="testCases.TC_ContactUs" name="Tc_contactus" time="1.384"/>
  <testcase classname="testCases.TC_ContactUs" name="Tc_contactus" time="1.522"/>
  <testcase classname="testCases.TC_ContactUs" name="Tc_contactus" time="1.65"/>
  <testcase classname="testCases.TC_ContactUs" name="Tc_contactus" time="1.507"/>
  <testcase classname="testCases.TC_003_LoginDDT" name="test_LoginDDT" time="11.741">
    <failure type="java.lang.AssertionError">
      <![CDATA[java.lang.AssertionError: 
at testCases.TC_003_LoginDDT.test_LoginDDT(TC_003_LoginDDT.java:65)
at java.base/java.util.ArrayList.forEach(ArrayList.java:1596)
... Removed 32 stack frames]]>
    </failure>
  </testcase> <!-- test_LoginDDT -->
  <testcase classname="testCases.TC_003_LoginDDT" name="test_LoginDDT" time="11.532"/>
  <testcase classname="testCases.TC_003_LoginDDT" name="test_LoginDDT" time="11.561"/>
  <testcase classname="testCases.TC_003_LoginDDT" name="test_LoginDDT" time="11.542"/>
</testsuite> <!-- Login -->
