<?xml version="1.0" encoding="UTF-8"?>
<!-- Generated by org.testng.reporters.JUnitXMLReporter -->
<testsuite ignored="0" hostname="user-Latitude-3440" failures="1" tests="12" name="Login" time="83.73" errors="0" timestamp="2025-08-31T12:11:08 IST">
  <testcase classname="testCases.AddressBookTest" name="@BeforeMethod logintoApp" time="10.572">
    <failure type="java.lang.AssertionError">
      <![CDATA[java.lang.AssertionError: 
at testCases.AddressBookTest.logintoApp(AddressBookTest.java:43)
at java.base/java.util.ArrayList.forEach(ArrayList.java:1596)
... Removed 35 stack frames]]>
    </failure>
  </testcase> <!-- @BeforeMethod logintoApp -->
  <testcase classname="testBase.BaseClass" name="@AfterClass Teardown" time="0.0">
    <skipped/>
  </testcase> <!-- @AfterClass Teardown -->
  <testcase classname="testCases.TC_001Registration" name="testRegData" time="3.979"/>
  <testcase classname="testCases.TC_001Registration" name="testRegData" time="3.475"/>
  <testcase classname="testCases.TC_003_LoginDDT" name="test_LoginDDT" time="3.258"/>
  <testcase classname="testCases.TC_003_LoginDDT" name="test_LoginDDT" time="15.485"/>
  <testcase classname="testCases.TC_003_LoginDDT" name="test_LoginDDT" time="11.294"/>
  <testcase classname="testCases.TC_003_LoginDDT" name="test_LoginDDT" time="11.845"/>
  <testcase classname="testCases.AddressBookTest" name="enterAddress" time="4.115">
    <failure type="java.lang.IllegalMonitorStateException" message="current thread is not owner">
      <![CDATA[java.lang.IllegalMonitorStateException: current thread is not owner
at java.base/java.lang.Object.wait0(Native Method)
at java.base/java.lang.Object.wait(Object.java:366)
at testCases.AddressBookTest.enterAddress(AddressBookTest.java:88)
at java.base/java.util.ArrayList.forEach(ArrayList.java:1596)
... Removed 29 stack frames]]>
    </failure>
  </testcase> <!-- enterAddress -->
  <testcase classname="testCases.AddressBookTest" name="enterAddress" time="0.0">
    <skipped/>
  </testcase> <!-- enterAddress -->
  <testcase classname="testCases.TC_ContactUs" name="Tc_contactus" time="1.712"/>
  <testcase classname="testCases.TC_ContactUs" name="Tc_contactus" time="1.599"/>
  <testcase classname="testCases.TC_ContactUs" name="Tc_contactus" time="1.651"/>
  <testcase classname="testCases.TC_ContactUs" name="Tc_contactus" time="1.538"/>
</testsuite> <!-- Login -->
