<?xml version="1.0" encoding="UTF-8"?>
<testng-results ignored="0" total="8" passed="7" failed="1" skipped="0">
  <reporter-output>
  </reporter-output>
  <suite started-at="2025-07-22T22:57:51 IST" name="Tutorial Ninja" finished-at="2025-07-22T22:58:48 IST" duration-ms="56592">
    <groups>
    </groups>
    <test started-at="2025-07-22T22:57:51 IST" name="Login" finished-at="2025-07-22T22:58:48 IST" duration-ms="56592">
      <class name="testCases.TC_ContactUs">
        <test-method is-config="true" signature="setUp(java.lang.String)[pri:0, instance:testCases.TC_ContactUs@1a677343]" started-at="2025-07-22T22:57:51 IST" name="setUp" finished-at="2025-07-22T22:57:55 IST" duration-ms="3613" status="PASS">
          <params>
            <param index="0">
              <value>
                <![CDATA[chrome]]>
              </value>
            </param>
          </params>
          <reporter-output>
          </reporter-output>
        </test-method> <!-- setUp -->
        <test-method is-config="true" signature="setUp(java.lang.String)[pri:0, instance:testCases.TC_ContactUs@1a677343]" started-at="2025-07-22T22:57:55 IST" name="setUp" finished-at="2025-07-22T22:57:57 IST" duration-ms="1511" status="PASS">
          <params>
            <param index="0">
              <value>
                <![CDATA[chrome]]>
              </value>
            </param>
          </params>
          <reporter-output>
          </reporter-output>
        </test-method> <!-- setUp -->
        <test-method signature="Tc_contactus(java.lang.String,java.lang.String,java.lang.String)[pri:0, instance:testCases.TC_ContactUs@1a677343]" started-at="2025-07-22T22:57:57 IST" name="Tc_contactus" data-provider="ContactUs" finished-at="2025-07-22T22:57:58 IST" duration-ms="1510" status="PASS">
          <params>
            <param index="0">
              <value>
                <![CDATA[Niteesh]]>
              </value>
            </param>
            <param index="1">
              <value>
                <![CDATA[n.k.gangwar581993@gmail.com]]>
              </value>
            </param>
            <param index="2">
              <value>
                <![CDATA[niteesh is entering some data in query box user 1]]>
              </value>
            </param>
          </params>
          <reporter-output>
          </reporter-output>
        </test-method> <!-- Tc_contactus -->
        <test-method is-config="true" signature="Teardown()[pri:0, instance:testCases.TC_ContactUs@1a677343]" started-at="2025-07-22T22:57:58 IST" name="Teardown" finished-at="2025-07-22T22:57:58 IST" duration-ms="86" status="PASS">
          <reporter-output>
          </reporter-output>
        </test-method> <!-- Teardown -->
        <test-method is-config="true" signature="setUp(java.lang.String)[pri:0, instance:testCases.TC_ContactUs@1a677343]" started-at="2025-07-22T22:57:58 IST" name="setUp" finished-at="2025-07-22T22:58:00 IST" duration-ms="1370" status="PASS">
          <params>
            <param index="0">
              <value>
                <![CDATA[chrome]]>
              </value>
            </param>
          </params>
          <reporter-output>
          </reporter-output>
        </test-method> <!-- setUp -->
        <test-method signature="Tc_contactus(java.lang.String,java.lang.String,java.lang.String)[pri:0, instance:testCases.TC_ContactUs@1a677343]" started-at="2025-07-22T22:58:00 IST" name="Tc_contactus" data-provider="ContactUs" finished-at="2025-07-22T22:58:01 IST" duration-ms="1331" status="PASS">
          <params>
            <param index="0">
              <value>
                <![CDATA[pawan]]>
              </value>
            </param>
            <param index="1">
              <value>
                <![CDATA[pavanoltraining@gmail.com]]>
              </value>
            </param>
            <param index="2">
              <value>
                <![CDATA[pawan is entering some data in query box user 2]]>
              </value>
            </param>
          </params>
          <reporter-output>
          </reporter-output>
        </test-method> <!-- Tc_contactus -->
        <test-method is-config="true" signature="Teardown()[pri:0, instance:testCases.TC_ContactUs@1a677343]" started-at="2025-07-22T22:58:01 IST" name="Teardown" finished-at="2025-07-22T22:58:01 IST" duration-ms="76" status="PASS">
          <reporter-output>
          </reporter-output>
        </test-method> <!-- Teardown -->
        <test-method is-config="true" signature="setUp(java.lang.String)[pri:0, instance:testCases.TC_ContactUs@1a677343]" started-at="2025-07-22T22:58:01 IST" name="setUp" finished-at="2025-07-22T22:58:02 IST" duration-ms="1339" status="PASS">
          <params>
            <param index="0">
              <value>
                <![CDATA[chrome]]>
              </value>
            </param>
          </params>
          <reporter-output>
          </reporter-output>
        </test-method> <!-- setUp -->
        <test-method signature="Tc_contactus(java.lang.String,java.lang.String,java.lang.String)[pri:0, instance:testCases.TC_ContactUs@1a677343]" started-at="2025-07-22T22:58:02 IST" name="Tc_contactus" data-provider="ContactUs" finished-at="2025-07-22T22:58:04 IST" duration-ms="1571" status="PASS">
          <params>
            <param index="0">
              <value>
                <![CDATA[rohit]]>
              </value>
            </param>
            <param index="1">
              <value>
                <![CDATA[rohit11@gmail.com]]>
              </value>
            </param>
            <param index="2">
              <value>
                <![CDATA[rohit is entering some data in query box user 3]]>
              </value>
            </param>
          </params>
          <reporter-output>
          </reporter-output>
        </test-method> <!-- Tc_contactus -->
        <test-method is-config="true" signature="Teardown()[pri:0, instance:testCases.TC_ContactUs@1a677343]" started-at="2025-07-22T22:58:04 IST" name="Teardown" finished-at="2025-07-22T22:58:04 IST" duration-ms="68" status="PASS">
          <reporter-output>
          </reporter-output>
        </test-method> <!-- Teardown -->
        <test-method is-config="true" signature="setUp(java.lang.String)[pri:0, instance:testCases.TC_ContactUs@1a677343]" started-at="2025-07-22T22:58:04 IST" name="setUp" finished-at="2025-07-22T22:58:12 IST" duration-ms="7699" status="PASS">
          <params>
            <param index="0">
              <value>
                <![CDATA[chrome]]>
              </value>
            </param>
          </params>
          <reporter-output>
          </reporter-output>
        </test-method> <!-- setUp -->
        <test-method signature="Tc_contactus(java.lang.String,java.lang.String,java.lang.String)[pri:0, instance:testCases.TC_ContactUs@1a677343]" started-at="2025-07-22T22:58:12 IST" name="Tc_contactus" data-provider="ContactUs" finished-at="2025-07-22T22:58:13 IST" duration-ms="1317" status="PASS">
          <params>
            <param index="0">
              <value>
                <![CDATA[kamal]]>
              </value>
            </param>
            <param index="1">
              <value>
                <![CDATA[kamal12@gmail.com]]>
              </value>
            </param>
            <param index="2">
              <value>
                <![CDATA[kamal is entering some data in query box user 4]]>
              </value>
            </param>
          </params>
          <reporter-output>
          </reporter-output>
        </test-method> <!-- Tc_contactus -->
        <test-method is-config="true" signature="Teardown()[pri:0, instance:testCases.TC_ContactUs@1a677343]" started-at="2025-07-22T22:58:13 IST" name="Teardown" finished-at="2025-07-22T22:58:13 IST" duration-ms="73" status="PASS">
          <reporter-output>
          </reporter-output>
        </test-method> <!-- Teardown -->
      </class> <!-- testCases.TC_ContactUs -->
      <class name="testCases.TC_003_LoginDDT">
        <test-method is-config="true" signature="setUp(java.lang.String)[pri:0, instance:testCases.TC_003_LoginDDT@1fa121e2]" started-at="2025-07-22T22:57:51 IST" name="setUp" finished-at="2025-07-22T22:57:54 IST" duration-ms="3268" status="PASS">
          <params>
            <param index="0">
              <value>
                <![CDATA[chrome]]>
              </value>
            </param>
          </params>
          <reporter-output>
          </reporter-output>
        </test-method> <!-- setUp -->
        <test-method is-config="true" signature="setUp(java.lang.String)[pri:0, instance:testCases.TC_003_LoginDDT@1fa121e2]" started-at="2025-07-22T22:57:55 IST" name="setUp" finished-at="2025-07-22T22:57:57 IST" duration-ms="1579" status="PASS">
          <params>
            <param index="0">
              <value>
                <![CDATA[chrome]]>
              </value>
            </param>
          </params>
          <reporter-output>
          </reporter-output>
        </test-method> <!-- setUp -->
        <test-method signature="test_LoginDDT(java.lang.String,java.lang.String,java.lang.String)[pri:0, instance:testCases.TC_003_LoginDDT@1fa121e2]" started-at="2025-07-22T22:57:57 IST" name="test_LoginDDT" data-provider="LoginData" finished-at="2025-07-22T22:58:09 IST" duration-ms="11625" status="FAIL">
          <params>
            <param index="0">
              <value>
                <![CDATA[nk.gangwar581993@gmail.com]]>
              </value>
            </param>
            <param index="1">
              <value>
                <![CDATA[Nikk@12345]]>
              </value>
            </param>
            <param index="2">
              <value>
                <![CDATA[Valid]]>
              </value>
            </param>
          </params>
          <exception class="java.lang.AssertionError">
            <full-stacktrace>
              <![CDATA[java.lang.AssertionError: 
at org.testng.AssertJUnit.fail(AssertJUnit.java:65)
at org.testng.AssertJUnit.assertTrue(AssertJUnit.java:23)
at org.testng.AssertJUnit.assertTrue(AssertJUnit.java:33)
at testCases.TC_003_LoginDDT.test_LoginDDT(TC_003_LoginDDT.java:64)
at java.base/jdk.internal.reflect.DirectMethodHandleAccessor.invoke(DirectMethodHandleAccessor.java:103)
at java.base/java.lang.reflect.Method.invoke(Method.java:580)
at org.testng.internal.invokers.MethodInvocationHelper.invokeMethod(MethodInvocationHelper.java:141)
at org.testng.internal.invokers.TestInvoker.invokeMethod(TestInvoker.java:687)
at org.testng.internal.invokers.TestInvoker.invokeTestMethod(TestInvoker.java:230)
at org.testng.internal.invokers.MethodRunner.runInSequence(MethodRunner.java:63)
at org.testng.internal.invokers.TestInvoker$MethodInvocationAgent.invoke(TestInvoker.java:995)
at org.testng.internal.invokers.TestInvoker.invokeTestMethods(TestInvoker.java:203)
at org.testng.internal.invokers.TestMethodWorker.invokeTestMethods(TestMethodWorker.java:154)
at org.testng.internal.invokers.TestMethodWorker.run(TestMethodWorker.java:134)
at java.base/java.util.concurrent.Executors$RunnableAdapter.call(Executors.java:572)
at java.base/java.util.concurrent.FutureTask.run(FutureTask.java:317)
at org.testng.internal.thread.graph.TestNGFutureTask.run(TestNGFutureTask.java:22)
at java.base/java.util.concurrent.ThreadPoolExecutor.runWorker(ThreadPoolExecutor.java:1144)
at java.base/java.util.concurrent.ThreadPoolExecutor$Worker.run(ThreadPoolExecutor.java:642)
at java.base/java.lang.Thread.run(Thread.java:1583)
]]>
            </full-stacktrace>
          </exception> <!-- java.lang.AssertionError -->
          <reporter-output>
          </reporter-output>
        </test-method> <!-- test_LoginDDT -->
        <test-method is-config="true" signature="Teardown()[pri:0, instance:testCases.TC_003_LoginDDT@1fa121e2]" started-at="2025-07-22T22:58:09 IST" name="Teardown" finished-at="2025-07-22T22:58:09 IST" duration-ms="81" status="PASS">
          <reporter-output>
          </reporter-output>
        </test-method> <!-- Teardown -->
        <test-method is-config="true" signature="setUp(java.lang.String)[pri:0, instance:testCases.TC_003_LoginDDT@1fa121e2]" started-at="2025-07-22T22:58:09 IST" name="setUp" finished-at="2025-07-22T22:58:10 IST" duration-ms="1409" status="PASS">
          <params>
            <param index="0">
              <value>
                <![CDATA[chrome]]>
              </value>
            </param>
          </params>
          <reporter-output>
          </reporter-output>
        </test-method> <!-- setUp -->
        <test-method signature="test_LoginDDT(java.lang.String,java.lang.String,java.lang.String)[pri:0, instance:testCases.TC_003_LoginDDT@1fa121e2]" started-at="2025-07-22T22:58:10 IST" name="test_LoginDDT" data-provider="LoginData" finished-at="2025-07-22T22:58:22 IST" duration-ms="11750" status="PASS">
          <params>
            <param index="0">
              <value>
                <![CDATA[pavanoltraining@gmail.com]]>
              </value>
            </param>
            <param index="1">
              <value>
                <![CDATA[test]]>
              </value>
            </param>
            <param index="2">
              <value>
                <![CDATA[Invalid]]>
              </value>
            </param>
          </params>
          <reporter-output>
          </reporter-output>
        </test-method> <!-- test_LoginDDT -->
        <test-method is-config="true" signature="Teardown()[pri:0, instance:testCases.TC_003_LoginDDT@1fa121e2]" started-at="2025-07-22T22:58:22 IST" name="Teardown" finished-at="2025-07-22T22:58:22 IST" duration-ms="86" status="PASS">
          <reporter-output>
          </reporter-output>
        </test-method> <!-- Teardown -->
        <test-method is-config="true" signature="setUp(java.lang.String)[pri:0, instance:testCases.TC_003_LoginDDT@1fa121e2]" started-at="2025-07-22T22:58:22 IST" name="setUp" finished-at="2025-07-22T22:58:23 IST" duration-ms="1394" status="PASS">
          <params>
            <param index="0">
              <value>
                <![CDATA[chrome]]>
              </value>
            </param>
          </params>
          <reporter-output>
          </reporter-output>
        </test-method> <!-- setUp -->
        <test-method signature="test_LoginDDT(java.lang.String,java.lang.String,java.lang.String)[pri:0, instance:testCases.TC_003_LoginDDT@1fa121e2]" started-at="2025-07-22T22:58:23 IST" name="test_LoginDDT" data-provider="LoginData" finished-at="2025-07-22T22:58:35 IST" duration-ms="11674" status="PASS">
          <params>
            <param index="0">
              <value>
                <![CDATA[pavan@gmail.com]]>
              </value>
            </param>
            <param index="1">
              <value>
                <![CDATA[test123]]>
              </value>
            </param>
            <param index="2">
              <value>
                <![CDATA[Invalid]]>
              </value>
            </param>
          </params>
          <reporter-output>
          </reporter-output>
        </test-method> <!-- test_LoginDDT -->
        <test-method is-config="true" signature="Teardown()[pri:0, instance:testCases.TC_003_LoginDDT@1fa121e2]" started-at="2025-07-22T22:58:35 IST" name="Teardown" finished-at="2025-07-22T22:58:35 IST" duration-ms="73" status="PASS">
          <reporter-output>
          </reporter-output>
        </test-method> <!-- Teardown -->
        <test-method is-config="true" signature="setUp(java.lang.String)[pri:0, instance:testCases.TC_003_LoginDDT@1fa121e2]" started-at="2025-07-22T22:58:35 IST" name="setUp" finished-at="2025-07-22T22:58:36 IST" duration-ms="1262" status="PASS">
          <params>
            <param index="0">
              <value>
                <![CDATA[chrome]]>
              </value>
            </param>
          </params>
          <reporter-output>
          </reporter-output>
        </test-method> <!-- setUp -->
        <test-method signature="test_LoginDDT(java.lang.String,java.lang.String,java.lang.String)[pri:0, instance:testCases.TC_003_LoginDDT@1fa121e2]" started-at="2025-07-22T22:58:36 IST" name="test_LoginDDT" data-provider="LoginData" finished-at="2025-07-22T22:58:48 IST" duration-ms="11287" status="PASS">
          <params>
            <param index="0">
              <value>
                <![CDATA[pavan@gmail.com]]>
              </value>
            </param>
            <param index="1">
              <value>
                <![CDATA[test]]>
              </value>
            </param>
            <param index="2">
              <value>
                <![CDATA[Invalid]]>
              </value>
            </param>
          </params>
          <reporter-output>
          </reporter-output>
        </test-method> <!-- test_LoginDDT -->
        <test-method is-config="true" signature="Teardown()[pri:0, instance:testCases.TC_003_LoginDDT@1fa121e2]" started-at="2025-07-22T22:58:48 IST" name="Teardown" finished-at="2025-07-22T22:58:48 IST" duration-ms="81" status="PASS">
          <reporter-output>
          </reporter-output>
        </test-method> <!-- Teardown -->
      </class> <!-- testCases.TC_003_LoginDDT -->
    </test> <!-- Login -->
  </suite> <!-- Tutorial Ninja -->
</testng-results>
